\BOOKMARK [0][-]{chapter.1}{Wprowadzenie}{}% 1
\BOOKMARK [1][-]{section.1.1}{Cel pracy}{chapter.1}% 2
\BOOKMARK [1][-]{section.1.2}{Zakres i koncepcja pracy}{chapter.1}% 3
\BOOKMARK [0][-]{chapter.2}{Podstawy teorytyczne}{}% 4
\BOOKMARK [1][-]{section.2.1}{Charakterystyka System\363w Informacji Geograficznej}{chapter.2}% 5
\BOOKMARK [1][-]{section.2.2}{Charakterystyka jezyka Ruby}{chapter.2}% 6
\BOOKMARK [0][-]{chapter.3}{Istniejace systemy GIS w jezyku Ruby}{}% 7
\BOOKMARK [1][-]{section.3.1}{OpenStreetMap}{chapter.3}% 8
\BOOKMARK [1][-]{section.3.2}{MangoMap}{chapter.3}% 9
\BOOKMARK [0][-]{chapter.4}{Frameworki internetowe w jezyku Ruby}{}% 10
\BOOKMARK [1][-]{section.4.1}{Ruby on Rails}{chapter.4}% 11
\BOOKMARK [1][-]{section.4.2}{Roda}{chapter.4}% 12
\BOOKMARK [1][-]{section.4.3}{Hanami}{chapter.4}% 13
\BOOKMARK [0][-]{chapter.5}{Narzedzia dostepne do przetwarzania danych geograficznych w jezyku Ruby}{}% 14
\BOOKMARK [1][-]{section.5.1}{Przechowywanie danych}{chapter.5}% 15
\BOOKMARK [2][-]{subsection.5.1.1}{PostgreSQL}{section.5.1}% 16
\BOOKMARK [2][-]{subsection.5.1.2}{PostGIS}{section.5.1}% 17
\BOOKMARK [2][-]{subsection.5.1.3}{MySQL Spatial}{section.5.1}% 18
\BOOKMARK [2][-]{subsection.5.1.4}{SpatiaLite}{section.5.1}% 19
\BOOKMARK [1][-]{section.5.2}{Obiektowe przetwarzanie danych}{chapter.5}% 20
\BOOKMARK [2][-]{subsection.5.2.1}{RGeo}{section.5.2}% 21
\BOOKMARK [2][-]{subsection.5.2.2}{GeoRuby}{section.5.2}% 22
\BOOKMARK [1][-]{section.5.3}{Prezentowanie danych}{chapter.5}% 23
\BOOKMARK [2][-]{subsection.5.3.1}{Leaflet}{section.5.3}% 24
\BOOKMARK [2][-]{subsection.5.3.2}{GoogleMaps}{section.5.3}% 25
\BOOKMARK [0][-]{chapter.6}{Badania}{}% 26
\BOOKMARK [1][-]{section.6.1}{Plan badan}{chapter.6}% 27
\BOOKMARK [2][-]{subsection.6.1.1}{Aplikacja zaimplementowana na potrzeby badan}{section.6.1}% 28
\BOOKMARK [2][-]{subsection.6.1.2}{Narzedzia wykorzystane podczas badan}{section.6.1}% 29
\BOOKMARK [2][-]{subsection.6.1.3}{Srodowisko badawcze}{section.6.1}% 30
\BOOKMARK [1][-]{section.6.2}{Por\363wnianie funkcjonalnosci wybranych framework\363w}{chapter.6}% 31
\BOOKMARK [2][-]{subsection.6.2.1}{Przechowywanie danych}{section.6.2}% 32
\BOOKMARK [2][-]{subsection.6.2.2}{Przetwarzanie danych}{section.6.2}% 33
\BOOKMARK [2][-]{subsection.6.2.3}{Prezentowanie danych}{section.6.2}% 34
\BOOKMARK [2][-]{subsection.6.2.4}{Podsumowanie}{section.6.2}% 35
\BOOKMARK [1][-]{section.6.3}{Por\363wnianie struktur wykonanych projekt\363w}{chapter.6}% 36
\BOOKMARK [1][-]{section.6.4}{Por\363wnianie wydajnosci zaimplemetowanych aplikacji}{chapter.6}% 37
\BOOKMARK [2][-]{subsection.6.4.1}{Interfejs uzytkownika}{section.6.4}% 38
\BOOKMARK [2][-]{subsection.6.4.2}{Zapytania HTTP}{section.6.4}% 39
\BOOKMARK [2][-]{subsection.6.4.3}{Komunikacja z baza danych}{section.6.4}% 40
\BOOKMARK [0][-]{chapter.7}{Podsumowanie}{}% 41
\BOOKMARK [1][-]{section.7.1}{Analiza wynik\363w badan}{chapter.7}% 42
\BOOKMARK [1][-]{section.7.2}{Realizacja celu projektu}{chapter.7}% 43
\BOOKMARK [0][-]{chapter*.5}{Literatura}{}% 44
