\BOOKMARK [0][-]{chapter.1}{Wprowadzenie}{}% 1
\BOOKMARK [1][-]{section.1.1}{Cel pracy}{chapter.1}% 2
\BOOKMARK [1][-]{section.1.2}{Zakres i koncepcja pracy}{chapter.1}% 3
\BOOKMARK [0][-]{chapter.2}{Podstawy teorytyczne}{}% 4
\BOOKMARK [1][-]{section.2.1}{Charakterystyka System\363w Informacji Geograficznej}{chapter.2}% 5
\BOOKMARK [1][-]{section.2.2}{Charakterystyka jezyka Ruby}{chapter.2}% 6
\BOOKMARK [0][-]{chapter.3}{Istniejace systemy GIS w jezyku Ruby}{}% 7
\BOOKMARK [1][-]{section.3.1}{OpenStreetMap}{chapter.3}% 8
\BOOKMARK [1][-]{section.3.2}{MangoMap}{chapter.3}% 9
\BOOKMARK [0][-]{chapter.4}{Frameworki internetowe w jezyku Ruby}{}% 10
\BOOKMARK [1][-]{section.4.1}{Ruby on Rails}{chapter.4}% 11
\BOOKMARK [1][-]{section.4.2}{Roda}{chapter.4}% 12
\BOOKMARK [1][-]{section.4.3}{Hanami}{chapter.4}% 13
\BOOKMARK [0][-]{chapter.5}{Narzedzia dostepne do przetwarzania danych geograficznych w jezyku Ruby}{}% 14
\BOOKMARK [1][-]{section.5.1}{Przechowywanie danych}{chapter.5}% 15
\BOOKMARK [2][-]{subsection.5.1.1}{PostgreSQL}{section.5.1}% 16
\BOOKMARK [2][-]{subsection.5.1.2}{PostGIS}{section.5.1}% 17
\BOOKMARK [2][-]{subsection.5.1.3}{MySQL Spatial}{section.5.1}% 18
\BOOKMARK [2][-]{subsection.5.1.4}{SpatiaLite}{section.5.1}% 19
\BOOKMARK [1][-]{section.5.2}{Obiektowe przetwarzanie danych}{chapter.5}% 20
\BOOKMARK [2][-]{subsection.5.2.1}{RGeo}{section.5.2}% 21
\BOOKMARK [2][-]{subsection.5.2.2}{GeoRuby}{section.5.2}% 22
\BOOKMARK [1][-]{section.5.3}{Prezentowanie danych}{chapter.5}% 23
\BOOKMARK [2][-]{subsection.5.3.1}{Leaflet}{section.5.3}% 24
\BOOKMARK [2][-]{subsection.5.3.2}{GoogleMaps JavaScript API}{section.5.3}% 25
\BOOKMARK [0][-]{chapter*.5}{Literatura}{}% 26
